2017-01-11 10:34:35,175 [Start Help Server] INFO  org.eclipse.jetty.util.log - Logging initialized @188759ms
2017-01-11 10:34:35,258 [Start Help Server] INFO  org.eclipse.jetty.server.Server - jetty-9.3.9.v20160517
2017-01-11 10:34:35,294 [Start Help Server] INFO  o.e.j.server.handler.ContextHandler - Started o.e.j.s.ServletContextHandler@535ccde2{/help,null,AVAILABLE}
2017-01-11 10:34:35,309 [Start Help Server] INFO  o.e.jetty.server.AbstractConnector - Started ServerConnector@960f616{HTTP/1.1,[http/1.1]}{127.0.0.1:64114}
2017-01-11 10:34:35,310 [Start Help Server] INFO  org.eclipse.jetty.server.Server - Started @188897ms
2017-01-22 10:55:55,976 [Start Help Server] INFO  org.eclipse.jetty.util.log - Logging initialized @216170ms
2017-01-22 10:55:56,289 [Start Help Server] INFO  org.eclipse.jetty.server.Server - jetty-9.3.9.v20160517
2017-01-22 10:55:56,445 [Start Help Server] INFO  o.e.j.server.handler.ContextHandler - Started o.e.j.s.ServletContextHandler@27c54fb6{/help,null,AVAILABLE}
2017-01-22 10:55:56,504 [Start Help Server] INFO  o.e.jetty.server.AbstractConnector - Started ServerConnector@212399f4{HTTP/1.1,[http/1.1]}{127.0.0.1:64865}
2017-01-22 10:55:56,504 [Start Help Server] INFO  org.eclipse.jetty.server.Server - Started @216712ms
2017-01-22 14:03:52,697 [Worker-43] WARN  o.e.r.models.ModelRepository - Failed to download org.eclipse.recommenders:index::zip:0.0.0
org.eclipse.aether.resolution.ArtifactResolutionException: Could not transfer artifact org.eclipse.recommenders:index:zip:0.0.0-20160630.190154-1 from/to models (http://download.eclipse.org/recommenders/models/neon/): Connect to download.eclipse.org:80 timed out
	at org.eclipse.aether.internal.impl.DefaultArtifactResolver.resolve(DefaultArtifactResolver.java:444) ~[na:na]
	at org.eclipse.aether.internal.impl.DefaultArtifactResolver.resolveArtifacts(DefaultArtifactResolver.java:246) ~[na:na]
	at org.eclipse.aether.internal.impl.DefaultArtifactResolver.resolveArtifact(DefaultArtifactResolver.java:223) ~[na:na]
	at org.eclipse.aether.internal.impl.DefaultRepositorySystem.resolveArtifact(DefaultRepositorySystem.java:294) ~[na:na]
	at org.eclipse.recommenders.models.ModelRepository.resolveInternal(ModelRepository.java:193) [org.eclipse.recommenders.models_2.4.5.v20161130-1427.jar:na]
	at org.eclipse.recommenders.models.ModelRepository.resolve(ModelRepository.java:172) [org.eclipse.recommenders.models_2.4.5.v20161130-1427.jar:na]
	at org.eclipse.recommenders.internal.models.rcp.EclipseModelRepository.resolve(EclipseModelRepository.java:169) [org.eclipse.recommenders.models.rcp_2.4.5.v20161130-1427.jar:na]
	at org.eclipse.recommenders.internal.models.rcp.DownloadModelArchiveJob.run(DownloadModelArchiveJob.java:76) [org.eclipse.recommenders.models.rcp_2.4.5.v20161130-1427.jar:na]
	at org.eclipse.core.internal.jobs.Worker.run(Worker.java:55) [org.eclipse.core.jobs_3.8.0.v20160509-0411.jar:na]
Caused by: org.eclipse.aether.transfer.ArtifactTransferException: Could not transfer artifact org.eclipse.recommenders:index:zip:0.0.0-20160630.190154-1 from/to models (http://download.eclipse.org/recommenders/models/neon/): Connect to download.eclipse.org:80 timed out
	at org.eclipse.aether.connector.basic.ArtifactTransportListener.transferFailed(ArtifactTransportListener.java:43) ~[org.eclipse.aether.connector.basic_1.0.1.v20141111.jar:na]
	at org.eclipse.aether.connector.basic.BasicRepositoryConnector$TaskRunner.run(BasicRepositoryConnector.java:355) ~[org.eclipse.aether.connector.basic_1.0.1.v20141111.jar:na]
	at org.eclipse.aether.util.concurrency.RunnableErrorForwarder$1.run(RunnableErrorForwarder.java:67) ~[na:na]
	at org.eclipse.aether.connector.basic.BasicRepositoryConnector$DirectExecutor.execute(BasicRepositoryConnector.java:581) ~[org.eclipse.aether.connector.basic_1.0.1.v20141111.jar:na]
	at org.eclipse.aether.connector.basic.BasicRepositoryConnector.get(BasicRepositoryConnector.java:249) ~[org.eclipse.aether.connector.basic_1.0.1.v20141111.jar:na]
	at org.eclipse.aether.internal.impl.DefaultArtifactResolver.performDownloads(DefaultArtifactResolver.java:520) ~[na:na]
	at org.eclipse.aether.internal.impl.DefaultArtifactResolver.resolve(DefaultArtifactResolver.java:421) ~[na:na]
	... 8 common frames omitted
Caused by: org.apache.http.conn.ConnectTimeoutException: Connect to download.eclipse.org:80 timed out
	at org.apache.http.conn.scheme.PlainSocketFactory.connectSocket(PlainSocketFactory.java:119) ~[na:na]
	at org.apache.http.impl.conn.DefaultClientConnectionOperator.openConnection(DefaultClientConnectionOperator.java:177) ~[na:na]
	at org.apache.http.impl.conn.ManagedClientConnectionImpl.open(ManagedClientConnectionImpl.java:304) ~[na:na]
	at org.apache.http.impl.client.DefaultRequestDirector.tryConnect(DefaultRequestDirector.java:611) ~[na:na]
	at org.apache.http.impl.client.DefaultRequestDirector.execute(DefaultRequestDirector.java:446) ~[na:na]
	at org.apache.http.impl.client.AbstractHttpClient.doExecute(AbstractHttpClient.java:863) ~[na:na]
	at org.apache.http.impl.client.CloseableHttpClient.execute(CloseableHttpClient.java:72) ~[na:na]
	at org.apache.http.impl.client.CloseableHttpClient.execute(CloseableHttpClient.java:57) ~[na:na]
	at org.apache.http.impl.client.DecompressingHttpClient.execute(DecompressingHttpClient.java:158) ~[na:na]
	at org.eclipse.aether.transport.http.HttpTransporter.execute(HttpTransporter.java:287) ~[org.eclipse.aether.transport.http_1.0.1.v20141111.jar:na]
	at org.eclipse.aether.transport.http.HttpTransporter.implGet(HttpTransporter.java:243) ~[org.eclipse.aether.transport.http_1.0.1.v20141111.jar:na]
	at org.eclipse.aether.spi.connector.transport.AbstractTransporter.get(AbstractTransporter.java:59) ~[org.eclipse.aether.spi_1.0.1.v20141111.jar:na]
	at org.eclipse.aether.connector.basic.BasicRepositoryConnector$GetTaskRunner.runTask(BasicRepositoryConnector.java:447) ~[org.eclipse.aether.connector.basic_1.0.1.v20141111.jar:na]
	at org.eclipse.aether.connector.basic.BasicRepositoryConnector$TaskRunner.run(BasicRepositoryConnector.java:350) ~[org.eclipse.aether.connector.basic_1.0.1.v20141111.jar:na]
	... 13 common frames omitted
2017-01-22 15:34:42,904 [Start Help Server] INFO  org.eclipse.jetty.util.log - Logging initialized @21972ms
2017-01-22 15:34:43,267 [Start Help Server] INFO  org.eclipse.jetty.server.Server - jetty-9.3.9.v20160517
2017-01-22 15:34:43,393 [Start Help Server] INFO  o.e.j.server.handler.ContextHandler - Started o.e.j.s.ServletContextHandler@4a4dbcf1{/help,null,AVAILABLE}
2017-01-22 15:34:43,427 [Start Help Server] INFO  o.e.jetty.server.AbstractConnector - Started ServerConnector@737a49{HTTP/1.1,[http/1.1]}{127.0.0.1:49884}
2017-01-22 15:34:43,428 [Start Help Server] INFO  org.eclipse.jetty.server.Server - Started @22522ms
2017-01-22 17:06:36,733 [Stop Help Server] INFO  o.e.jetty.server.AbstractConnector - Stopped ServerConnector@737a49{HTTP/1.1,[http/1.1]}{127.0.0.1:0}
2017-01-22 17:06:36,743 [Stop Help Server] INFO  o.e.j.server.handler.ContextHandler - Stopped o.e.j.s.ServletContextHandler@4a4dbcf1{/help,null,UNAVAILABLE}
2017-01-22 17:06:50,604 [Start Help Server] INFO  org.eclipse.jetty.util.log - Logging initialized @7508ms
2017-01-22 17:06:50,686 [Start Help Server] INFO  org.eclipse.jetty.server.Server - jetty-9.3.9.v20160517
2017-01-22 17:06:50,720 [Start Help Server] INFO  o.e.j.server.handler.ContextHandler - Started o.e.j.s.ServletContextHandler@76a01a5b{/help,null,AVAILABLE}
2017-01-22 17:06:50,734 [Start Help Server] INFO  o.e.jetty.server.AbstractConnector - Started ServerConnector@d758050{HTTP/1.1,[http/1.1]}{127.0.0.1:52343}
2017-01-22 17:06:50,735 [Start Help Server] INFO  org.eclipse.jetty.server.Server - Started @7642ms
2017-01-23 11:27:35,457 [Stop Help Server] INFO  o.e.jetty.server.AbstractConnector - Stopped ServerConnector@d758050{HTTP/1.1,[http/1.1]}{127.0.0.1:0}
2017-01-23 11:27:35,517 [Stop Help Server] INFO  o.e.j.server.handler.ContextHandler - Stopped o.e.j.s.ServletContextHandler@76a01a5b{/help,null,UNAVAILABLE}
2017-01-23 11:29:46,337 [Start Help Server] INFO  org.eclipse.jetty.util.log - Logging initialized @14892ms
2017-01-23 11:29:46,559 [Start Help Server] INFO  org.eclipse.jetty.server.Server - jetty-9.3.9.v20160517
2017-01-23 11:29:46,600 [Start Help Server] INFO  o.e.j.server.handler.ContextHandler - Started o.e.j.s.ServletContextHandler@3e52626b{/help,null,AVAILABLE}
2017-01-23 11:29:46,629 [Start Help Server] INFO  o.e.jetty.server.AbstractConnector - Started ServerConnector@4c21cfb0{HTTP/1.1,[http/1.1]}{127.0.0.1:60638}
2017-01-23 11:29:46,630 [Start Help Server] INFO  org.eclipse.jetty.server.Server - Started @15203ms
2017-01-23 11:36:35,291 [Stop Help Server] INFO  o.e.jetty.server.AbstractConnector - Stopped ServerConnector@4c21cfb0{HTTP/1.1,[http/1.1]}{127.0.0.1:0}
2017-01-23 11:36:35,302 [Stop Help Server] INFO  o.e.j.server.handler.ContextHandler - Stopped o.e.j.s.ServletContextHandler@3e52626b{/help,null,UNAVAILABLE}
2017-01-23 11:46:17,150 [Start Help Server] INFO  org.eclipse.jetty.util.log - Logging initialized @6619ms
2017-01-23 11:46:17,230 [Start Help Server] INFO  org.eclipse.jetty.server.Server - jetty-9.3.9.v20160517
2017-01-23 11:46:17,265 [Start Help Server] INFO  o.e.j.server.handler.ContextHandler - Started o.e.j.s.ServletContextHandler@60cc3153{/help,null,AVAILABLE}
2017-01-23 11:46:17,277 [Start Help Server] INFO  o.e.jetty.server.AbstractConnector - Started ServerConnector@216fecda{HTTP/1.1,[http/1.1]}{127.0.0.1:61135}
2017-01-23 11:46:17,278 [Start Help Server] INFO  org.eclipse.jetty.server.Server - Started @6749ms
2017-01-23 14:54:02,032 [Stop Help Server] INFO  o.e.jetty.server.AbstractConnector - Stopped ServerConnector@216fecda{HTTP/1.1,[http/1.1]}{127.0.0.1:0}
2017-01-23 14:54:02,047 [Stop Help Server] INFO  o.e.j.server.handler.ContextHandler - Stopped o.e.j.s.ServletContextHandler@60cc3153{/help,null,UNAVAILABLE}
2017-01-23 14:54:16,947 [Start Help Server] INFO  org.eclipse.jetty.util.log - Logging initialized @7412ms
2017-01-23 14:54:17,025 [Start Help Server] INFO  org.eclipse.jetty.server.Server - jetty-9.3.9.v20160517
2017-01-23 14:54:17,067 [Start Help Server] INFO  o.e.j.server.handler.ContextHandler - Started o.e.j.s.ServletContextHandler@6d5e0284{/help,null,AVAILABLE}
2017-01-23 14:54:17,091 [Start Help Server] INFO  o.e.jetty.server.AbstractConnector - Started ServerConnector@422d5aed{HTTP/1.1,[http/1.1]}{127.0.0.1:64149}
2017-01-23 14:54:17,092 [Start Help Server] INFO  org.eclipse.jetty.server.Server - Started @7559ms
2017-01-23 16:21:20,544 [Stop Help Server] INFO  o.e.jetty.server.AbstractConnector - Stopped ServerConnector@422d5aed{HTTP/1.1,[http/1.1]}{127.0.0.1:0}
2017-01-23 16:21:20,554 [Stop Help Server] INFO  o.e.j.server.handler.ContextHandler - Stopped o.e.j.s.ServletContextHandler@6d5e0284{/help,null,UNAVAILABLE}
2017-01-23 16:21:35,065 [Start Help Server] INFO  org.eclipse.jetty.util.log - Logging initialized @6491ms
2017-01-23 16:21:35,154 [Start Help Server] INFO  org.eclipse.jetty.server.Server - jetty-9.3.9.v20160517
2017-01-23 16:21:35,204 [Start Help Server] INFO  o.e.j.server.handler.ContextHandler - Started o.e.j.s.ServletContextHandler@3f624647{/help,null,AVAILABLE}
2017-01-23 16:21:35,219 [Start Help Server] INFO  o.e.jetty.server.AbstractConnector - Started ServerConnector@1bacb742{HTTP/1.1,[http/1.1]}{127.0.0.1:50080}
2017-01-23 16:21:35,219 [Start Help Server] INFO  org.eclipse.jetty.server.Server - Started @6648ms
2017-01-24 17:12:23,489 [Stop Help Server] INFO  o.e.jetty.server.AbstractConnector - Stopped ServerConnector@1bacb742{HTTP/1.1,[http/1.1]}{127.0.0.1:0}
2017-01-24 17:12:23,508 [Stop Help Server] INFO  o.e.j.server.handler.ContextHandler - Stopped o.e.j.s.ServletContextHandler@3f624647{/help,null,UNAVAILABLE}
2017-02-06 09:50:24,494 [Start Help Server] INFO  org.eclipse.jetty.util.log - Logging initialized @17120ms
2017-02-06 09:50:24,754 [Start Help Server] INFO  org.eclipse.jetty.server.Server - jetty-9.3.9.v20160517
2017-02-06 09:50:24,794 [Start Help Server] INFO  o.e.j.server.handler.ContextHandler - Started o.e.j.s.ServletContextHandler@7d85a24e{/help,null,AVAILABLE}
2017-02-06 09:50:24,822 [Start Help Server] INFO  o.e.jetty.server.AbstractConnector - Started ServerConnector@538ead88{HTTP/1.1,[http/1.1]}{127.0.0.1:53014}
2017-02-06 09:50:24,822 [Start Help Server] INFO  org.eclipse.jetty.server.Server - Started @17457ms
2017-02-07 17:33:48,744 [Stop Help Server] INFO  o.e.jetty.server.AbstractConnector - Stopped ServerConnector@538ead88{HTTP/1.1,[http/1.1]}{127.0.0.1:0}
2017-02-07 17:33:49,617 [Stop Help Server] INFO  o.e.j.server.handler.ContextHandler - Stopped o.e.j.s.ServletContextHandler@7d85a24e{/help,null,UNAVAILABLE}
2017-02-09 09:48:15,605 [Start Help Server] INFO  org.eclipse.jetty.util.log - Logging initialized @23479ms
2017-02-09 09:48:16,016 [Start Help Server] INFO  org.eclipse.jetty.server.Server - jetty-9.3.9.v20160517
2017-02-09 09:48:16,113 [Start Help Server] INFO  o.e.j.server.handler.ContextHandler - Started o.e.j.s.ServletContextHandler@62026727{/help,null,AVAILABLE}
2017-02-09 09:48:16,151 [Start Help Server] INFO  o.e.jetty.server.AbstractConnector - Started ServerConnector@567112d2{HTTP/1.1,[http/1.1]}{127.0.0.1:63792}
2017-02-09 09:48:16,151 [Start Help Server] INFO  org.eclipse.jetty.server.Server - Started @24037ms
2017-02-10 17:42:57,385 [Stop Help Server] INFO  o.e.jetty.server.AbstractConnector - Stopped ServerConnector@567112d2{HTTP/1.1,[http/1.1]}{127.0.0.1:0}
2017-02-10 17:42:57,862 [Stop Help Server] INFO  o.e.j.server.handler.ContextHandler - Stopped o.e.j.s.ServletContextHandler@62026727{/help,null,UNAVAILABLE}
2017-02-13 11:11:11,283 [Start Help Server] INFO  org.eclipse.jetty.util.log - Logging initialized @15993ms
2017-02-13 11:11:11,527 [Start Help Server] INFO  org.eclipse.jetty.server.Server - jetty-9.3.9.v20160517
2017-02-13 11:11:11,570 [Start Help Server] INFO  o.e.j.server.handler.ContextHandler - Started o.e.j.s.ServletContextHandler@39ea05e5{/help,null,AVAILABLE}
2017-02-13 11:11:11,603 [Start Help Server] INFO  o.e.jetty.server.AbstractConnector - Started ServerConnector@311afb0{HTTP/1.1,[http/1.1]}{127.0.0.1:54012}
2017-02-13 11:11:11,604 [Start Help Server] INFO  org.eclipse.jetty.server.Server - Started @16322ms
2017-02-17 18:47:47,294 [Stop Help Server] INFO  o.e.jetty.server.AbstractConnector - Stopped ServerConnector@311afb0{HTTP/1.1,[http/1.1]}{127.0.0.1:0}
2017-02-17 18:47:50,530 [Stop Help Server] INFO  o.e.j.server.handler.ContextHandler - Stopped o.e.j.s.ServletContextHandler@39ea05e5{/help,null,UNAVAILABLE}
2017-02-27 17:19:33,081 [Start Help Server] INFO  org.eclipse.jetty.util.log - Logging initialized @23944ms
2017-02-27 17:19:33,371 [Start Help Server] INFO  org.eclipse.jetty.server.Server - jetty-9.3.9.v20160517
2017-02-27 17:19:33,415 [Start Help Server] INFO  o.e.j.server.handler.ContextHandler - Started o.e.j.s.ServletContextHandler@51d4bf03{/help,null,AVAILABLE}
2017-02-27 17:19:33,489 [Start Help Server] INFO  o.e.jetty.server.AbstractConnector - Started ServerConnector@1531893c{HTTP/1.1,[http/1.1]}{127.0.0.1:57141}
2017-02-27 17:19:33,490 [Start Help Server] INFO  org.eclipse.jetty.server.Server - Started @24371ms
2017-03-01 15:12:26,244 [Start Help Server] INFO  org.eclipse.jetty.util.log - Logging initialized @19839ms
2017-03-01 15:12:26,543 [Start Help Server] INFO  org.eclipse.jetty.server.Server - jetty-9.3.9.v20160517
2017-03-01 15:12:26,589 [Start Help Server] INFO  o.e.j.server.handler.ContextHandler - Started o.e.j.s.ServletContextHandler@5f6d693b{/help,null,AVAILABLE}
2017-03-01 15:12:26,628 [Start Help Server] INFO  o.e.jetty.server.AbstractConnector - Started ServerConnector@589822b1{HTTP/1.1,[http/1.1]}{127.0.0.1:50960}
2017-03-01 15:12:26,628 [Start Help Server] INFO  org.eclipse.jetty.server.Server - Started @20242ms
2017-03-03 18:34:18,980 [Stop Help Server] INFO  o.e.jetty.server.AbstractConnector - Stopped ServerConnector@589822b1{HTTP/1.1,[http/1.1]}{127.0.0.1:0}
2017-03-03 18:34:19,103 [Stop Help Server] INFO  o.e.j.server.handler.ContextHandler - Stopped o.e.j.s.ServletContextHandler@5f6d693b{/help,null,UNAVAILABLE}
